<?xml version="1.0" encoding="utf-8"?><testsuites name="pytest tests"><testsuite name="pytest" errors="0" failures="0" skipped="0" tests="10" time="2.094" timestamp="2026-04-22T06:52:16.859673+00:00" hostname="agent-env-4b8d71ed-a3e9-41a2-bdfc-7a6cff330dcb"><testcase classname="backend.tests.test_waitlist_api.TestBasic" name="test_root_greeting" time="0.218" /><testcase classname="backend.tests.test_waitlist_api.TestBasic" name="test_health" time="0.046" /><testcase classname="backend.tests.test_waitlist_api.TestBasic" name="test_count_endpoint_returns_int" time="0.046" /><testcase classname="backend.tests.test_waitlist_api.TestWaitlistJoin" name="test_join_with_valid_email" time="0.406" /><testcase classname="backend.tests.test_waitlist_api.TestWaitlistJoin" name="test_duplicate_email_returns_already_joined_same_position" time="0.280" /><testcase classname="backend.tests.test_waitlist_api.TestWaitlistJoin" name="test_resend_owner_email_path" time="0.046" /><testcase classname="backend.tests.test_waitlist_api.TestWaitlistJoin" name="test_duplicate_case_insensitive" time="0.300" /><testcase classname="backend.tests.test_waitlist_api.TestWaitlistJoin" name="test_invalid_email_returns_422" time="0.046" /><testcase classname="backend.tests.test_waitlist_api.TestWaitlistJoin" name="test_missing_email_returns_422" time="0.046" /><testcase classname="backend.tests.test_waitlist_api.TestWaitlistJoin" name="test_two_distinct_emails_increment_total_by_two" time="0.575" /></testsuite></testsuites>